app/build/intermediates/manifest_merge_blame_file/debug/manifest-merger-blame-debug-report.txt
1<?xml version="1.0" encoding="utf-8"?>
2<manifest xmlns:android="http://schemas.android.com/apk/res/android"
3    package="com.example.selflance"
4    android:versionCode="1"
5    android:versionName="1.0" >
6
7    <uses-sdk
8        android:minSdkVersion="16"
8-->src\main\AndroidManifest.xml
9        android:targetSdkVersion="29" />
9-->src\main\AndroidManifest.xml
10
11    <uses-permission android:name="android.permission.ACCESS_NETWORK_STATE" />
11-->[com.google.firebase:firebase-storage:16.0.4] AndroidManifest.xml:23:5-79
11-->[com.google.firebase:firebase-storage:16.0.4] AndroidManifest.xml:23:22-76
12    <uses-permission android:name="android.permission.INTERNET" />
12-->[com.google.firebase:firebase-storage:16.0.4] AndroidManifest.xml:24:5-67
12-->[com.google.firebase:firebase-storage:16.0.4] AndroidManifest.xml:24:22-64
13
14    <application
14-->src\main\AndroidManifest.xml:5:5-30:19
15        android:allowBackup="true"
15-->src\main\AndroidManifest.xml:6:9-35
16        android:appComponentFactory="androidx.core.app.CoreComponentFactory"
16-->[androidx.core:core:1.1.0] AndroidManifest.xml:24:18-86
17        android:debuggable="true"
18        android:icon="@mipmap/ic_launcher"
18-->src\main\AndroidManifest.xml:7:9-43
19        android:label="@string/app_name"
19-->src\main\AndroidManifest.xml:8:9-41
20        android:roundIcon="@mipmap/ic_launcher_round"
20-->src\main\AndroidManifest.xml:9:9-54
21        android:supportsRtl="true"
21-->src\main\AndroidManifest.xml:10:9-35
22        android:testOnly="true"
23        android:theme="@style/AppTheme" >
23-->src\main\AndroidManifest.xml:11:9-40
24        <activity android:name="com.example.selflance.UploadCv" />
24-->src\main\AndroidManifest.xml:12:9-55
24-->src\main\AndroidManifest.xml:12:19-43
25        <activity android:name="com.example.selflance.RateSelfLance" />
25-->src\main\AndroidManifest.xml:13:9-51
25-->src\main\AndroidManifest.xml:13:19-48
26        <activity android:name="com.example.selflance.ProjectDetails" >
26-->src\main\AndroidManifest.xml:14:9-20:20
26-->src\main\AndroidManifest.xml:14:19-49
27            <intent-filter>
27-->src\main\AndroidManifest.xml:15:9-19:25
28                <action android:name="android.intent.action.MAIN" />
28-->src\main\AndroidManifest.xml:16:13-65
28-->src\main\AndroidManifest.xml:16:21-62
29
30                <category android:name="android.intent.category.LAUNCHER" />
30-->src\main\AndroidManifest.xml:18:13-73
30-->src\main\AndroidManifest.xml:18:23-70
31            </intent-filter>
32        </activity>
33        <activity android:name="com.example.selflance.UserProfile" />
33-->src\main\AndroidManifest.xml:21:9-49
33-->src\main\AndroidManifest.xml:21:19-46
34        <activity android:name="com.example.selflance.FreelancerDetails" />
34-->src\main\AndroidManifest.xml:22:9-55
34-->src\main\AndroidManifest.xml:22:19-52
35        <activity android:name="com.example.selflance.HireAFreelancer" />
35-->src\main\AndroidManifest.xml:23:9-53
35-->src\main\AndroidManifest.xml:23:19-50
36        <activity android:name="com.example.selflance.LookingForJobDescription" />
36-->src\main\AndroidManifest.xml:24:9-62
36-->src\main\AndroidManifest.xml:24:19-59
37        <activity android:name="com.example.selflance.LookingForJob" />
37-->src\main\AndroidManifest.xml:25:9-51
37-->src\main\AndroidManifest.xml:25:19-48
38        <activity android:name="com.example.selflance.MainActivity" >
38-->src\main\AndroidManifest.xml:26:9-29:20
38-->src\main\AndroidManifest.xml:26:19-47
39        </activity>
40
41        <service
41-->[com.google.firebase:firebase-database:19.5.0] AndroidManifest.xml:29:9-35:19
42            android:name="com.google.firebase.components.ComponentDiscoveryService"
42-->[com.google.firebase:firebase-database:19.5.0] AndroidManifest.xml:30:13-84
43            android:directBootAware="true"
43-->[com.google.firebase:firebase-common:19.3.1] AndroidManifest.xml:35:13-43
44            android:exported="false" >
44-->[com.google.firebase:firebase-database:19.5.0] AndroidManifest.xml:31:13-37
45            <meta-data
45-->[com.google.firebase:firebase-database:19.5.0] AndroidManifest.xml:32:13-34:85
46                android:name="com.google.firebase.components:com.google.firebase.database.DatabaseRegistrar"
46-->[com.google.firebase:firebase-database:19.5.0] AndroidManifest.xml:33:17-109
47                android:value="com.google.firebase.components.ComponentRegistrar" />
47-->[com.google.firebase:firebase-database:19.5.0] AndroidManifest.xml:34:17-82
48            <meta-data
48-->[com.google.firebase:firebase-auth:19.4.0] AndroidManifest.xml:36:13-38:85
49                android:name="com.google.firebase.components:com.google.firebase.auth.FirebaseAuthRegistrar"
49-->[com.google.firebase:firebase-auth:19.4.0] AndroidManifest.xml:37:17-109
50                android:value="com.google.firebase.components.ComponentRegistrar" />
50-->[com.google.firebase:firebase-auth:19.4.0] AndroidManifest.xml:38:17-82
51        </service>
52
53        <activity
53-->[com.google.firebase:firebase-auth:19.4.0] AndroidManifest.xml:24:9-31:50
54            android:name="com.google.firebase.auth.internal.FederatedSignInActivity"
54-->[com.google.firebase:firebase-auth:19.4.0] AndroidManifest.xml:25:13-85
55            android:excludeFromRecents="true"
55-->[com.google.firebase:firebase-auth:19.4.0] AndroidManifest.xml:26:13-46
56            android:exported="true"
56-->[com.google.firebase:firebase-auth:19.4.0] AndroidManifest.xml:27:13-36
57            android:launchMode="singleTask"
57-->[com.google.firebase:firebase-auth:19.4.0] AndroidManifest.xml:28:13-44
58            android:permission="com.google.firebase.auth.api.gms.permission.LAUNCH_FEDERATED_SIGN_IN"
58-->[com.google.firebase:firebase-auth:19.4.0] AndroidManifest.xml:29:13-102
59            android:theme="@android:style/Theme.Translucent.NoTitleBar" />
59-->[com.google.firebase:firebase-auth:19.4.0] AndroidManifest.xml:30:13-72
60
61        <provider
61-->[com.google.firebase:firebase-common:19.3.1] AndroidManifest.xml:26:9-31:39
62            android:name="com.google.firebase.provider.FirebaseInitProvider"
62-->[com.google.firebase:firebase-common:19.3.1] AndroidManifest.xml:27:13-77
63            android:authorities="com.example.selflance.firebaseinitprovider"
63-->[com.google.firebase:firebase-common:19.3.1] AndroidManifest.xml:28:13-72
64            android:directBootAware="true"
64-->[com.google.firebase:firebase-common:19.3.1] AndroidManifest.xml:29:13-43
65            android:exported="false"
65-->[com.google.firebase:firebase-common:19.3.1] AndroidManifest.xml:30:13-37
66            android:initOrder="100" />
66-->[com.google.firebase:firebase-common:19.3.1] AndroidManifest.xml:31:13-36
67
68        <activity
68-->[com.google.android.gms:play-services-base:17.1.0] AndroidManifest.xml:23:9-26:75
69            android:name="com.google.android.gms.common.api.GoogleApiActivity"
69-->[com.google.android.gms:play-services-base:17.1.0] AndroidManifest.xml:24:13-79
70            android:exported="false"
70-->[com.google.android.gms:play-services-base:17.1.0] AndroidManifest.xml:25:13-37
71            android:theme="@android:style/Theme.Translucent.NoTitleBar" />
71-->[com.google.android.gms:play-services-base:17.1.0] AndroidManifest.xml:26:13-72
72
73        <meta-data
73-->[com.google.android.gms:play-services-basement:17.0.0] AndroidManifest.xml:23:9-25:69
74            android:name="com.google.android.gms.version"
74-->[com.google.android.gms:play-services-basement:17.0.0] AndroidManifest.xml:24:13-58
75            android:value="@integer/google_play_services_version" />
75-->[com.google.android.gms:play-services-basement:17.0.0] AndroidManifest.xml:25:13-66
76    </application>
77
78</manifest>